[debug] [2024-01-27T18:03:45.261Z] ----------------------------------------------------------------------
[debug] [2024-01-27T18:03:45.264Z] Command:       /snap/node/8169/bin/node /usr/local/bin/firebase deploy
[debug] [2024-01-27T18:03:45.265Z] CLI Version:   13.0.3
[debug] [2024-01-27T18:03:45.265Z] Platform:      linux
[debug] [2024-01-27T18:03:45.265Z] Node Version:  v20.11.0
[debug] [2024-01-27T18:03:45.265Z] Time:          Sat Jan 27 2024 21:03:45 GMT+0300 (GMT+03:00)
[debug] [2024-01-27T18:03:45.265Z] ----------------------------------------------------------------------
[debug] 
[debug] [2024-01-27T18:03:45.340Z] > command requires scopes: ["email","openid","https://www.googleapis.com/auth/cloudplatformprojects.readonly","https://www.googleapis.com/auth/firebase","https://www.googleapis.com/auth/cloud-platform"]
[debug] [2024-01-27T18:03:45.341Z] > authorizing via signed-in user (onursercan659@gmail.com)
[debug] [2024-01-27T18:03:45.341Z] [iam] checking project run-to-the-hills-410717 for permissions ["cloudfunctions.functions.create","cloudfunctions.functions.delete","cloudfunctions.functions.get","cloudfunctions.functions.list","cloudfunctions.functions.update","cloudfunctions.operations.get","datastore.indexes.create","datastore.indexes.delete","datastore.indexes.list","datastore.indexes.update","firebase.projects.get","firebasedatabase.instances.update","firebasehosting.sites.update","firebaserules.releases.create","firebaserules.releases.update","firebaserules.rulesets.create"]
[debug] [2024-01-27T18:03:45.343Z] >>> [apiv2][query] POST https://cloudresourcemanager.googleapis.com/v1/projects/run-to-the-hills-410717:testIamPermissions [none]
[debug] [2024-01-27T18:03:45.343Z] >>> [apiv2][(partial)header] POST https://cloudresourcemanager.googleapis.com/v1/projects/run-to-the-hills-410717:testIamPermissions x-goog-quota-user=projects/run-to-the-hills-410717
[debug] [2024-01-27T18:03:45.344Z] >>> [apiv2][body] POST https://cloudresourcemanager.googleapis.com/v1/projects/run-to-the-hills-410717:testIamPermissions {"permissions":["cloudfunctions.functions.create","cloudfunctions.functions.delete","cloudfunctions.functions.get","cloudfunctions.functions.list","cloudfunctions.functions.update","cloudfunctions.operations.get","datastore.indexes.create","datastore.indexes.delete","datastore.indexes.list","datastore.indexes.update","firebase.projects.get","firebasedatabase.instances.update","firebasehosting.sites.update","firebaserules.releases.create","firebaserules.releases.update","firebaserules.rulesets.create"]}
[debug] [2024-01-27T18:03:46.404Z] <<< [apiv2][status] POST https://cloudresourcemanager.googleapis.com/v1/projects/run-to-the-hills-410717:testIamPermissions 200
[debug] [2024-01-27T18:03:46.404Z] <<< [apiv2][body] POST https://cloudresourcemanager.googleapis.com/v1/projects/run-to-the-hills-410717:testIamPermissions {"permissions":["cloudfunctions.functions.create","cloudfunctions.functions.delete","cloudfunctions.functions.get","cloudfunctions.functions.list","cloudfunctions.functions.update","cloudfunctions.operations.get","datastore.indexes.create","datastore.indexes.delete","datastore.indexes.list","datastore.indexes.update","firebase.projects.get","firebasedatabase.instances.update","firebasehosting.sites.update","firebaserules.releases.create","firebaserules.releases.update","firebaserules.rulesets.create"]}
[debug] [2024-01-27T18:03:46.405Z] >>> [apiv2][query] POST https://iam.googleapis.com/v1/projects/run-to-the-hills-410717/serviceAccounts/run-to-the-hills-410717@appspot.gserviceaccount.com:testIamPermissions [none]
[debug] [2024-01-27T18:03:46.405Z] >>> [apiv2][body] POST https://iam.googleapis.com/v1/projects/run-to-the-hills-410717/serviceAccounts/run-to-the-hills-410717@appspot.gserviceaccount.com:testIamPermissions {"permissions":["iam.serviceAccounts.actAs"]}
[debug] [2024-01-27T18:03:47.422Z] <<< [apiv2][status] POST https://iam.googleapis.com/v1/projects/run-to-the-hills-410717/serviceAccounts/run-to-the-hills-410717@appspot.gserviceaccount.com:testIamPermissions 200
[debug] [2024-01-27T18:03:47.422Z] <<< [apiv2][body] POST https://iam.googleapis.com/v1/projects/run-to-the-hills-410717/serviceAccounts/run-to-the-hills-410717@appspot.gserviceaccount.com:testIamPermissions {"permissions":["iam.serviceAccounts.actAs"]}
[debug] [2024-01-27T18:03:47.424Z] >>> [apiv2][query] GET https://firebase.googleapis.com/v1beta1/projects/run-to-the-hills-410717 [none]
[debug] [2024-01-27T18:03:47.829Z] <<< [apiv2][status] GET https://firebase.googleapis.com/v1beta1/projects/run-to-the-hills-410717 200
[debug] [2024-01-27T18:03:47.829Z] <<< [apiv2][body] GET https://firebase.googleapis.com/v1beta1/projects/run-to-the-hills-410717 {"projectId":"run-to-the-hills-410717","projectNumber":"214620229412","displayName":"run to the hills","name":"projects/run-to-the-hills-410717","resources":{"hostingSite":"run-to-the-hills-410717","realtimeDatabaseInstance":"run-to-the-hills-410717-default-rtdb","storageBucket":"run-to-the-hills-410717.appspot.com","locationId":"europe-west"},"state":"ACTIVE","etag":"1_2194744e-092a-428e-950e-d29c54134772"}
[debug] [2024-01-27T18:03:47.830Z] >>> [apiv2][query] GET https://firebase.googleapis.com/v1beta1/projects/run-to-the-hills-410717 [none]
[debug] [2024-01-27T18:03:48.137Z] <<< [apiv2][status] GET https://firebase.googleapis.com/v1beta1/projects/run-to-the-hills-410717 200
[debug] [2024-01-27T18:03:48.137Z] <<< [apiv2][body] GET https://firebase.googleapis.com/v1beta1/projects/run-to-the-hills-410717 {"projectId":"run-to-the-hills-410717","projectNumber":"214620229412","displayName":"run to the hills","name":"projects/run-to-the-hills-410717","resources":{"hostingSite":"run-to-the-hills-410717","realtimeDatabaseInstance":"run-to-the-hills-410717-default-rtdb","storageBucket":"run-to-the-hills-410717.appspot.com","locationId":"europe-west"},"state":"ACTIVE","etag":"1_2194744e-092a-428e-950e-d29c54134772"}
[info] 
[info] === Deploying to 'run-to-the-hills-410717'...
[info] 
[info] i  deploying database, storage, firestore, functions, hosting 
[debug] [2024-01-27T18:03:48.278Z] TypeError [ERR_INVALID_ARG_TYPE]: The "path" argument must be of type string. Received undefined
    at validateString (node:internal/validators:162:11)
    at Object.join (node:path:1175:7)
    at Config.path (/usr/local/lib/node_modules/firebase-tools/lib/config.js:125:45)
    at getChildEnvironment (/usr/local/lib/node_modules/firebase-tools/lib/deploy/lifecycleHooks.js:56:49)
    at runTargetCommands (/usr/local/lib/node_modules/firebase-tools/lib/deploy/lifecycleHooks.js:77:14)
    at /usr/local/lib/node_modules/firebase-tools/lib/deploy/lifecycleHooks.js:151:24
    at process.processTicksAndRejections (node:internal/process/task_queues:95:5)
    at async chain (/usr/local/lib/node_modules/firebase-tools/lib/deploy/index.js:38:9)
    at async deploy (/usr/local/lib/node_modules/firebase-tools/lib/deploy/index.js:94:5)
[error] 
[error] Error: An unexpected error has occurred.
