[debug] [2024-01-27T18:03:24.340Z] ----------------------------------------------------------------------
[debug] [2024-01-27T18:03:24.343Z] Command:       /snap/node/8169/bin/node /usr/local/bin/firebase deploy --project run-to-the-hills-410717
[debug] [2024-01-27T18:03:24.344Z] CLI Version:   13.0.3
[debug] [2024-01-27T18:03:24.344Z] Platform:      linux
[debug] [2024-01-27T18:03:24.344Z] Node Version:  v20.11.0
[debug] [2024-01-27T18:03:24.345Z] Time:          Sat Jan 27 2024 21:03:24 GMT+0300 (GMT+03:00)
[debug] [2024-01-27T18:03:24.345Z] ----------------------------------------------------------------------
[debug] 
[debug] [2024-01-27T18:03:24.420Z] > command requires scopes: ["email","openid","https://www.googleapis.com/auth/cloudplatformprojects.readonly","https://www.googleapis.com/auth/firebase","https://www.googleapis.com/auth/cloud-platform"]
[debug] [2024-01-27T18:03:24.420Z] > authorizing via signed-in user (onursercan659@gmail.com)
[debug] [2024-01-27T18:03:24.420Z] [iam] checking project run-to-the-hills-410717 for permissions ["cloudfunctions.functions.create","cloudfunctions.functions.delete","cloudfunctions.functions.get","cloudfunctions.functions.list","cloudfunctions.functions.update","cloudfunctions.operations.get","datastore.indexes.create","datastore.indexes.delete","datastore.indexes.list","datastore.indexes.update","firebase.projects.get","firebasedatabase.instances.update","firebasehosting.sites.update","firebaserules.releases.create","firebaserules.releases.update","firebaserules.rulesets.create"]
[debug] [2024-01-27T18:03:24.422Z] >>> [apiv2][query] POST https://cloudresourcemanager.googleapis.com/v1/projects/run-to-the-hills-410717:testIamPermissions [none]
[debug] [2024-01-27T18:03:24.423Z] >>> [apiv2][(partial)header] POST https://cloudresourcemanager.googleapis.com/v1/projects/run-to-the-hills-410717:testIamPermissions x-goog-quota-user=projects/run-to-the-hills-410717
[debug] [2024-01-27T18:03:24.423Z] >>> [apiv2][body] POST https://cloudresourcemanager.googleapis.com/v1/projects/run-to-the-hills-410717:testIamPermissions {"permissions":["cloudfunctions.functions.create","cloudfunctions.functions.delete","cloudfunctions.functions.get","cloudfunctions.functions.list","cloudfunctions.functions.update","cloudfunctions.operations.get","datastore.indexes.create","datastore.indexes.delete","datastore.indexes.list","datastore.indexes.update","firebase.projects.get","firebasedatabase.instances.update","firebasehosting.sites.update","firebaserules.releases.create","firebaserules.releases.update","firebaserules.rulesets.create"]}
[debug] [2024-01-27T18:03:25.523Z] <<< [apiv2][status] POST https://cloudresourcemanager.googleapis.com/v1/projects/run-to-the-hills-410717:testIamPermissions 200
[debug] [2024-01-27T18:03:25.524Z] <<< [apiv2][body] POST https://cloudresourcemanager.googleapis.com/v1/projects/run-to-the-hills-410717:testIamPermissions {"permissions":["cloudfunctions.functions.create","cloudfunctions.functions.delete","cloudfunctions.functions.get","cloudfunctions.functions.list","cloudfunctions.functions.update","cloudfunctions.operations.get","datastore.indexes.create","datastore.indexes.delete","datastore.indexes.list","datastore.indexes.update","firebase.projects.get","firebasedatabase.instances.update","firebasehosting.sites.update","firebaserules.releases.create","firebaserules.releases.update","firebaserules.rulesets.create"]}
[debug] [2024-01-27T18:03:25.525Z] >>> [apiv2][query] POST https://iam.googleapis.com/v1/projects/run-to-the-hills-410717/serviceAccounts/run-to-the-hills-410717@appspot.gserviceaccount.com:testIamPermissions [none]
[debug] [2024-01-27T18:03:25.526Z] >>> [apiv2][body] POST https://iam.googleapis.com/v1/projects/run-to-the-hills-410717/serviceAccounts/run-to-the-hills-410717@appspot.gserviceaccount.com:testIamPermissions {"permissions":["iam.serviceAccounts.actAs"]}
[debug] [2024-01-27T18:03:31.547Z] <<< [apiv2][status] POST https://iam.googleapis.com/v1/projects/run-to-the-hills-410717/serviceAccounts/run-to-the-hills-410717@appspot.gserviceaccount.com:testIamPermissions 200
[debug] [2024-01-27T18:03:31.547Z] <<< [apiv2][body] POST https://iam.googleapis.com/v1/projects/run-to-the-hills-410717/serviceAccounts/run-to-the-hills-410717@appspot.gserviceaccount.com:testIamPermissions {"permissions":["iam.serviceAccounts.actAs"]}
[debug] [2024-01-27T18:03:31.549Z] >>> [apiv2][query] GET https://firebase.googleapis.com/v1beta1/projects/run-to-the-hills-410717 [none]
[debug] [2024-01-27T18:03:31.958Z] <<< [apiv2][status] GET https://firebase.googleapis.com/v1beta1/projects/run-to-the-hills-410717 200
[debug] [2024-01-27T18:03:31.958Z] <<< [apiv2][body] GET https://firebase.googleapis.com/v1beta1/projects/run-to-the-hills-410717 {"projectId":"run-to-the-hills-410717","projectNumber":"214620229412","displayName":"run to the hills","name":"projects/run-to-the-hills-410717","resources":{"hostingSite":"run-to-the-hills-410717","realtimeDatabaseInstance":"run-to-the-hills-410717-default-rtdb","storageBucket":"run-to-the-hills-410717.appspot.com","locationId":"europe-west"},"state":"ACTIVE","etag":"1_2194744e-092a-428e-950e-d29c54134772"}
[debug] [2024-01-27T18:03:31.959Z] >>> [apiv2][query] GET https://firebase.googleapis.com/v1beta1/projects/run-to-the-hills-410717 [none]
[debug] [2024-01-27T18:03:32.265Z] <<< [apiv2][status] GET https://firebase.googleapis.com/v1beta1/projects/run-to-the-hills-410717 200
[debug] [2024-01-27T18:03:32.266Z] <<< [apiv2][body] GET https://firebase.googleapis.com/v1beta1/projects/run-to-the-hills-410717 {"projectId":"run-to-the-hills-410717","projectNumber":"214620229412","displayName":"run to the hills","name":"projects/run-to-the-hills-410717","resources":{"hostingSite":"run-to-the-hills-410717","realtimeDatabaseInstance":"run-to-the-hills-410717-default-rtdb","storageBucket":"run-to-the-hills-410717.appspot.com","locationId":"europe-west"},"state":"ACTIVE","etag":"1_2194744e-092a-428e-950e-d29c54134772"}
[info] 
[info] === Deploying to 'run-to-the-hills-410717'...
[info] 
[info] i  deploying database, storage, firestore, functions, hosting 
[debug] [2024-01-27T18:03:32.422Z] TypeError [ERR_INVALID_ARG_TYPE]: The "path" argument must be of type string. Received undefined
    at validateString (node:internal/validators:162:11)
    at Object.join (node:path:1175:7)
    at Config.path (/usr/local/lib/node_modules/firebase-tools/lib/config.js:125:45)
    at getChildEnvironment (/usr/local/lib/node_modules/firebase-tools/lib/deploy/lifecycleHooks.js:56:49)
    at runTargetCommands (/usr/local/lib/node_modules/firebase-tools/lib/deploy/lifecycleHooks.js:77:14)
    at /usr/local/lib/node_modules/firebase-tools/lib/deploy/lifecycleHooks.js:151:24
    at process.processTicksAndRejections (node:internal/process/task_queues:95:5)
    at async chain (/usr/local/lib/node_modules/firebase-tools/lib/deploy/index.js:38:9)
    at async deploy (/usr/local/lib/node_modules/firebase-tools/lib/deploy/index.js:94:5)
[error] 
[error] Error: An unexpected error has occurred.
[debug] [2024-01-27T18:04:04.159Z] ----------------------------------------------------------------------
[debug] [2024-01-27T18:04:04.162Z] Command:       /snap/node/8169/bin/node /usr/local/bin/firebase deploy
[debug] [2024-01-27T18:04:04.163Z] CLI Version:   13.0.3
[debug] [2024-01-27T18:04:04.163Z] Platform:      linux
[debug] [2024-01-27T18:04:04.163Z] Node Version:  v20.11.0
[debug] [2024-01-27T18:04:04.163Z] Time:          Sat Jan 27 2024 21:04:04 GMT+0300 (GMT+03:00)
[debug] [2024-01-27T18:04:04.163Z] ----------------------------------------------------------------------
[debug] 
[debug] [2024-01-27T18:04:04.244Z] > command requires scopes: ["email","openid","https://www.googleapis.com/auth/cloudplatformprojects.readonly","https://www.googleapis.com/auth/firebase","https://www.googleapis.com/auth/cloud-platform"]
[debug] [2024-01-27T18:04:04.244Z] > authorizing via signed-in user (onursercan659@gmail.com)
[debug] [2024-01-27T18:04:04.244Z] [iam] checking project run-to-the-hills-410717 for permissions ["cloudfunctions.functions.create","cloudfunctions.functions.delete","cloudfunctions.functions.get","cloudfunctions.functions.list","cloudfunctions.functions.update","cloudfunctions.operations.get","datastore.indexes.create","datastore.indexes.delete","datastore.indexes.list","datastore.indexes.update","firebase.projects.get","firebasedatabase.instances.update","firebasehosting.sites.update","firebaserules.releases.create","firebaserules.releases.update","firebaserules.rulesets.create"]
[debug] [2024-01-27T18:04:04.247Z] >>> [apiv2][query] POST https://cloudresourcemanager.googleapis.com/v1/projects/run-to-the-hills-410717:testIamPermissions [none]
[debug] [2024-01-27T18:04:04.247Z] >>> [apiv2][(partial)header] POST https://cloudresourcemanager.googleapis.com/v1/projects/run-to-the-hills-410717:testIamPermissions x-goog-quota-user=projects/run-to-the-hills-410717
[debug] [2024-01-27T18:04:04.247Z] >>> [apiv2][body] POST https://cloudresourcemanager.googleapis.com/v1/projects/run-to-the-hills-410717:testIamPermissions {"permissions":["cloudfunctions.functions.create","cloudfunctions.functions.delete","cloudfunctions.functions.get","cloudfunctions.functions.list","cloudfunctions.functions.update","cloudfunctions.operations.get","datastore.indexes.create","datastore.indexes.delete","datastore.indexes.list","datastore.indexes.update","firebase.projects.get","firebasedatabase.instances.update","firebasehosting.sites.update","firebaserules.releases.create","firebaserules.releases.update","firebaserules.rulesets.create"]}
[debug] [2024-01-27T18:04:05.202Z] <<< [apiv2][status] POST https://cloudresourcemanager.googleapis.com/v1/projects/run-to-the-hills-410717:testIamPermissions 200
[debug] [2024-01-27T18:04:05.203Z] <<< [apiv2][body] POST https://cloudresourcemanager.googleapis.com/v1/projects/run-to-the-hills-410717:testIamPermissions {"permissions":["cloudfunctions.functions.create","cloudfunctions.functions.delete","cloudfunctions.functions.get","cloudfunctions.functions.list","cloudfunctions.functions.update","cloudfunctions.operations.get","datastore.indexes.create","datastore.indexes.delete","datastore.indexes.list","datastore.indexes.update","firebase.projects.get","firebasedatabase.instances.update","firebasehosting.sites.update","firebaserules.releases.create","firebaserules.releases.update","firebaserules.rulesets.create"]}
[debug] [2024-01-27T18:04:05.204Z] >>> [apiv2][query] POST https://iam.googleapis.com/v1/projects/run-to-the-hills-410717/serviceAccounts/run-to-the-hills-410717@appspot.gserviceaccount.com:testIamPermissions [none]
[debug] [2024-01-27T18:04:05.205Z] >>> [apiv2][body] POST https://iam.googleapis.com/v1/projects/run-to-the-hills-410717/serviceAccounts/run-to-the-hills-410717@appspot.gserviceaccount.com:testIamPermissions {"permissions":["iam.serviceAccounts.actAs"]}
[debug] [2024-01-27T18:04:06.153Z] <<< [apiv2][status] POST https://iam.googleapis.com/v1/projects/run-to-the-hills-410717/serviceAccounts/run-to-the-hills-410717@appspot.gserviceaccount.com:testIamPermissions 200
[debug] [2024-01-27T18:04:06.154Z] <<< [apiv2][body] POST https://iam.googleapis.com/v1/projects/run-to-the-hills-410717/serviceAccounts/run-to-the-hills-410717@appspot.gserviceaccount.com:testIamPermissions {"permissions":["iam.serviceAccounts.actAs"]}
[debug] [2024-01-27T18:04:06.155Z] >>> [apiv2][query] GET https://firebase.googleapis.com/v1beta1/projects/run-to-the-hills-410717 [none]
[debug] [2024-01-27T18:04:06.563Z] <<< [apiv2][status] GET https://firebase.googleapis.com/v1beta1/projects/run-to-the-hills-410717 200
[debug] [2024-01-27T18:04:06.563Z] <<< [apiv2][body] GET https://firebase.googleapis.com/v1beta1/projects/run-to-the-hills-410717 {"projectId":"run-to-the-hills-410717","projectNumber":"214620229412","displayName":"run to the hills","name":"projects/run-to-the-hills-410717","resources":{"hostingSite":"run-to-the-hills-410717","realtimeDatabaseInstance":"run-to-the-hills-410717-default-rtdb","storageBucket":"run-to-the-hills-410717.appspot.com","locationId":"europe-west"},"state":"ACTIVE","etag":"1_2194744e-092a-428e-950e-d29c54134772"}
[debug] [2024-01-27T18:04:06.564Z] >>> [apiv2][query] GET https://firebase.googleapis.com/v1beta1/projects/run-to-the-hills-410717 [none]
[debug] [2024-01-27T18:04:06.812Z] <<< [apiv2][status] GET https://firebase.googleapis.com/v1beta1/projects/run-to-the-hills-410717 200
[debug] [2024-01-27T18:04:06.813Z] <<< [apiv2][body] GET https://firebase.googleapis.com/v1beta1/projects/run-to-the-hills-410717 {"projectId":"run-to-the-hills-410717","projectNumber":"214620229412","displayName":"run to the hills","name":"projects/run-to-the-hills-410717","resources":{"hostingSite":"run-to-the-hills-410717","realtimeDatabaseInstance":"run-to-the-hills-410717-default-rtdb","storageBucket":"run-to-the-hills-410717.appspot.com","locationId":"europe-west"},"state":"ACTIVE","etag":"1_2194744e-092a-428e-950e-d29c54134772"}
[info] 
[info] === Deploying to 'run-to-the-hills-410717'...
[info] 
[info] i  deploying database, storage, firestore, functions, hosting 
[debug] [2024-01-27T18:04:07.228Z] TypeError [ERR_INVALID_ARG_TYPE]: The "path" argument must be of type string. Received undefined
    at validateString (node:internal/validators:162:11)
    at Object.join (node:path:1175:7)
    at Config.path (/usr/local/lib/node_modules/firebase-tools/lib/config.js:125:45)
    at getChildEnvironment (/usr/local/lib/node_modules/firebase-tools/lib/deploy/lifecycleHooks.js:56:49)
    at runTargetCommands (/usr/local/lib/node_modules/firebase-tools/lib/deploy/lifecycleHooks.js:77:14)
    at /usr/local/lib/node_modules/firebase-tools/lib/deploy/lifecycleHooks.js:151:24
    at process.processTicksAndRejections (node:internal/process/task_queues:95:5)
    at async chain (/usr/local/lib/node_modules/firebase-tools/lib/deploy/index.js:38:9)
    at async deploy (/usr/local/lib/node_modules/firebase-tools/lib/deploy/index.js:94:5)
[error] 
[error] Error: An unexpected error has occurred.
